
PIO006v100.elf:     file format elf32-littleriscv
PIO006v100.elf
architecture: riscv:rv32, flags 0x00000112:
EXEC_P, HAS_SYMS, D_PAGED
start address 0x00000000

Program Header:
    LOAD off    0x00001000 vaddr 0x00000000 paddr 0x00000000 align 2**12
         filesz 0x00000dd4 memsz 0x00000dd4 flags r-x
    LOAD off    0x00002000 vaddr 0x20000000 paddr 0x00000dd4 align 2**12
         filesz 0x00000018 memsz 0x00000038 flags rw-
    LOAD off    0x00002800 vaddr 0x20004800 paddr 0x20004800 align 2**12
         filesz 0x00000000 memsz 0x00000800 flags rw-

Sections:
Idx Name          Size      VMA       LMA       File off  Algn
  0 .init         00000038  00000000  00000000  00001000  2**1
                  CONTENTS, ALLOC, LOAD, READONLY, CODE
  1 .vector       00000108  00000038  00000038  00001038  2**1
                  CONTENTS, ALLOC, LOAD, READONLY, CODE
  2 .text         00000c94  00000140  00000140  00001140  2**1
                  CONTENTS, ALLOC, LOAD, READONLY, CODE
  3 .fini         00000000  00000dd4  00000dd4  00002018  2**0
                  CONTENTS, ALLOC, LOAD, CODE
  4 .dalign       00000000  20000000  20000000  00002018  2**0
                  CONTENTS
  5 .dlalign      00000000  00000dd4  00000dd4  00002018  2**0
                  CONTENTS
  6 .data         00000018  20000000  00000dd4  00002000  2**2
                  CONTENTS, ALLOC, LOAD, DATA
  7 .bss          00000020  20000018  00000dec  00002018  2**2
                  ALLOC
  8 .stack        00000800  20004800  20004800  00002800  2**0
                  ALLOC
  9 .debug_info   0000a876  00000000  00000000  00002018  2**0
                  CONTENTS, READONLY, DEBUGGING
 10 .debug_abbrev 00001b6b  00000000  00000000  0000c88e  2**0
                  CONTENTS, READONLY, DEBUGGING
 11 .debug_aranges 00000630  00000000  00000000  0000e400  2**3
                  CONTENTS, READONLY, DEBUGGING
 12 .debug_ranges 00000640  00000000  00000000  0000ea30  2**3
                  CONTENTS, READONLY, DEBUGGING
 13 .debug_line   000079d0  00000000  00000000  0000f070  2**0
                  CONTENTS, READONLY, DEBUGGING
 14 .debug_str    00002513  00000000  00000000  00016a40  2**0
                  CONTENTS, READONLY, DEBUGGING
 15 .comment      00000033  00000000  00000000  00018f53  2**0
                  CONTENTS, READONLY
 16 .debug_frame  00000ad8  00000000  00000000  00018f88  2**2
                  CONTENTS, READONLY, DEBUGGING
 17 .debug_loc    00002fa6  00000000  00000000  00019a60  2**0
                  CONTENTS, READONLY, DEBUGGING
SYMBOL TABLE:
00000000 l    d  .init	00000000 .init
00000038 l    d  .vector	00000000 .vector
00000140 l    d  .text	00000000 .text
00000dd4 l    d  .fini	00000000 .fini
20000000 l    d  .dalign	00000000 .dalign
00000dd4 l    d  .dlalign	00000000 .dlalign
20000000 l    d  .data	00000000 .data
20000018 l    d  .bss	00000000 .bss
20004800 l    d  .stack	00000000 .stack
00000000 l    d  .debug_info	00000000 .debug_info
00000000 l    d  .debug_abbrev	00000000 .debug_abbrev
00000000 l    d  .debug_aranges	00000000 .debug_aranges
00000000 l    d  .debug_ranges	00000000 .debug_ranges
00000000 l    d  .debug_line	00000000 .debug_line
00000000 l    d  .debug_str	00000000 .debug_str
00000000 l    d  .comment	00000000 .comment
00000000 l    d  .debug_frame	00000000 .debug_frame
00000000 l    d  .debug_loc	00000000 .debug_loc
00000000 l    df *ABS*	00000000 ./Startup/startup_ch32v20x_D6.o
00000038 l       .vector	00000000 _vector_base
00000000 l    df *ABS*	00000000 ch32v20x_it.c
00000000 l    df *ABS*	00000000 main.cpp
00000000 l    df *ABS*	00000000 system_ch32v20x.c
00000000 l    df *ABS*	00000000 ch32v20x_gpio.c
00000000 l    df *ABS*	00000000 ch32v20x_misc.c
00000000 l    df *ABS*	00000000 ch32v20x_rcc.c
00000000 l    df *ABS*	00000000 ch32v20x_tim.c
00000000 l    df *ABS*	00000000 ch32v203_core.cpp
00000000 l    df *ABS*	00000000 debug.c
20000034 l     O .bss	00000002 p_ms
20000036 l     O .bss	00000001 p_us
00000da8 g     F .text	00000006 device_cpu::Timer_GetCounter(TIM_TypeDef*)
00000510  w      .text	00000000 EXTI2_IRQHandler
00000734 g     F .text	00000024 RCC_PLLCmd
20000800 g       .data	00000000 __global_pointer$
00000148 g     F .text	00000028 .hidden __riscv_save_8
00000536  w      .text	00000000 TIM1_CC_IRQHandler
000001a4 g     F .text	00000002 HardFault_Handler
00000194 g     F .text	0000000c .hidden __riscv_restore_3
000004fc  w      .text	00000000 SysTick_Handler
00000826 g     F .text	0000000a RCC_MCOConfig
00000502  w      .text	00000000 PVD_IRQHandler
00000180 g     F .text	00000020 .hidden __riscv_restore_10
000001a0 g     F .text	00000004 NMI_Handler
00000512  w      .text	00000000 EXTI3_IRQHandler
00000148 g     F .text	00000028 .hidden __riscv_save_11
20000018 g       .bss	00000000 _sbss
00000800 g       *ABS*	00000000 __stack_size
00000758 g     F .text	0000000e RCC_SYSCLKConfig
0000085e g     F .text	0000002c RCC_WaitForHSEStartUp
00000194 g     F .text	0000000c .hidden __riscv_restore_2
00000c88 g     F .text	0000000e device_cpu::Peripheral_APB1_Reset(unsigned long, FunctionalState)
00000b96 g     F .text	00000016 TIM_CtrlPWMOutputs
0000050c  w      .text	00000000 EXTI0_IRQHandler
00000542  w      .text	00000000 I2C2_EV_IRQHandler
00000b7a g     F .text	0000001c TIM_Cmd
00000c10 g     F .text	0000001a TIM_OC4PreloadConfig
20000010 g     O .data	00000004 SystemCoreClock
000006e2 g     F .text	0000003c RCC_HSEConfig
00000038 g       .init	00000000 _einit
000007ae g     F .text	0000001e RCC_APB2PeriphClockCmd
00000140 g     F .text	00000030 .hidden __riscv_save_12
00000524  w      .text	00000000 ADC1_2_IRQHandler
20000008 g     O .data	00000008 position
000005e4 g     F .text	000000f8 GPIO_Init
0000071e g     F .text	00000016 RCC_PLLConfig
0000079c g     F .text	00000012 RCC_ADCCLKConfig
000004fa  w      .text	00000000 Break_Point_Handler
00000180 g     F .text	00000020 .hidden __riscv_restore_11
20000030 g     O .bss	00000004 NVIC_Priority_Group
00000546  w      .text	00000000 SPI1_IRQHandler
00000170 g     F .text	0000000c .hidden __riscv_save_1
00000504  w      .text	00000000 TAMPER_IRQHandler
00000c7a g     F .text	0000000e device_cpu::Peripheral_APB2_Reset(unsigned long, FunctionalState)
00000194 g     F .text	0000000c .hidden __riscv_restore_0
00000a46 g     F .text	000000b2 TIM_OC3Init
00000156 g     F .text	0000001a .hidden __riscv_save_7
000007cc g     F .text	0000001e RCC_APB1PeriphClockCmd
000004f6  w      .text	00000000 Ecall_M_Mode_Handler
20004800 g       .stack	00000000 _heap_end
0000018a g     F .text	00000016 .hidden __riscv_restore_5
20000024 g     O .bss	00000008 position_last
0000051c  w      .text	00000000 DMA1_Channel4_IRQHandler
0000018a g     F .text	00000016 .hidden __riscv_restore_6
0000054e  w      .text	00000000 USART3_IRQHandler
00000506  w      .text	00000000 RTC_IRQHandler
20000038 g       .bss	00000000 _ebss
00000522  w      .text	00000000 DMA1_Channel7_IRQHandler
0000090a g     F .text	00000088 TIM_OC1Init
0000052a  w      .text	00000000 CAN1_RX1_IRQHandler
00000dae g     F .text	00000026 Delay_Init
00000830 g     F .text	0000002e RCC_GetFlagStatus
20000018 g     O .bss	00000001 __cpu
0000053c  w      .text	00000000 TIM4_IRQHandler
00000c2a g     F .text	00000034 device_cpu::init()
00000bf2 g     F .text	0000001e TIM_ARRPreloadConfig
00000148 g     F .text	00000028 .hidden __riscv_save_9
00000156 g     F .text	0000001a .hidden __riscv_save_4
0000053e  w      .text	00000000 I2C1_EV_IRQHandler
00000556  w      .text	00000000 USBHD_IRQHandler
00000520  w      .text	00000000 DMA1_Channel6_IRQHandler
0000055a  w      .text	00000000 UART4_IRQHandler
00000d9a g     F .text	0000000e device_cpu::Timer_Enable(TIM_TypeDef*, FunctionalState)
0000053a  w      .text	00000000 TIM3_IRQHandler
0000050a  w      .text	00000000 RCC_IRQHandler
00000170 g     F .text	0000000c .hidden __riscv_save_3
00000534  w      .text	00000000 TIM1_TRG_COM_IRQHandler
00000516  w      .text	00000000 DMA1_Channel1_IRQHandler
00000000 g       .init	00000000 _start
000001a6 g     F .text	00000074 GPIO_Init()
00000550  w      .text	00000000 EXTI15_10_IRQHandler
00000c5e g     F .text	0000000e device_cpu::Peripheral_APB1_Config(unsigned long, FunctionalState)
00000992 g     F .text	000000b4 TIM_OC2Init
0000055c  w      .text	00000000 DMA1_Channel8_IRQHandler
00000d5c g     F .text	0000003e device_cpu::Timer_PWM_Set_Value(TIM_TypeDef*, unsigned int, unsigned int)
20000000 g       .dalign	00000000 _data_vma
00000af8 g     F .text	00000082 TIM_OC4Init
2000002c g     O .bss	00000001 MCU_Version
0000052e  w      .text	00000000 EXTI9_5_IRQHandler
00000148 g     F .text	00000028 .hidden __riscv_save_10
0000018a g     F .text	00000016 .hidden __riscv_restore_4
00000180 g     F .text	00000020 .hidden __riscv_restore_8
00000156 g     F .text	0000001a .hidden __riscv_save_6
00000548  w      .text	00000000 SPI2_IRQHandler
00000180 g     F .text	00000020 .hidden __riscv_restore_9
0000018a g     F .text	00000016 .hidden __riscv_restore_7
0000021a g     F .text	000001ee main
00000ccc g     F .text	00000090 device_cpu::Timer_SetPWMMode(TIM_TypeDef*, unsigned int, unsigned int, unsigned int)
2000001c g     O .bss	00000008 delta
00000776 g     F .text	00000010 RCC_PCLK1Config
0000051e  w      .text	00000000 DMA1_Channel5_IRQHandler
00000514  w      .text	00000000 EXTI4_IRQHandler
00000528  w      .text	00000000 USB_LP_CAN1_RX0_IRQHandler
00000786 g     F .text	00000016 RCC_PCLK2Config
00000408 g     F .text	000000ea SystemInit
00000526  w      .text	00000000 USB_HP_CAN1_TX_IRQHandler
00000000 g       .init	00000000 _sinit
00000558  w      .text	00000000 USBHDWakeUp_IRQHandler
0000051a  w      .text	00000000 DMA1_Channel3_IRQHandler
00000532  w      .text	00000000 TIM1_UP_IRQHandler
00000500  w      .text	00000000 WWDG_IRQHandler
00000808 g     F .text	0000001e RCC_APB1PeriphResetCmd
000004f8  w      .text	00000000 Ecall_U_Mode_Handler
00000538  w      .text	00000000 TIM2_IRQHandler
20005000 g       .stack	00000000 _eusrstack
00000170 g     F .text	0000000c .hidden __riscv_save_2
000004fe  w      .text	00000000 SW_Handler
00000530  w      .text	00000000 TIM1_BRK_IRQHandler
0000050e  w      .text	00000000 EXTI1_IRQHandler
00000156 g     F .text	0000001a .hidden __riscv_save_5
20000018 g       .data	00000000 _edata
20000000 g     O .data	00000008 PWM_Level
20000038 g       .bss	00000000 _end
0000088a g     F .text	00000080 TIM_TimeBaseInit
00000552  w      .text	00000000 RTCAlarm_IRQHandler
00000c6c g     F .text	0000000e device_cpu::Peripheral_APB2_Config(unsigned long, FunctionalState)
00000dd4 g       .dlalign	00000000 _data_lma
00000c96 g     F .text	00000036 device_cpu::Timer_SetEncoderMode(TIM_TypeDef*)
0000054c  w      .text	00000000 USART2_IRQHandler
00000544  w      .text	00000000 I2C2_ER_IRQHandler
00000518  w      .text	00000000 DMA1_Channel2_IRQHandler
0000017c g     F .text	00000024 .hidden __riscv_restore_12
0000055e  w      .text	00000000 handle_reset
0000052c  w      .text	00000000 CAN1_SCE_IRQHandler
00000170 g     F .text	0000000c .hidden __riscv_save_0
00000508  w      .text	00000000 FLASH_IRQHandler
0000054a  w      .text	00000000 USART1_IRQHandler
000007ea g     F .text	0000001e RCC_APB2PeriphResetCmd
00000540  w      .text	00000000 I2C1_ER_IRQHandler
000006dc g     F .text	00000006 NVIC_PriorityGroupConfig
00000194 g     F .text	0000000c .hidden __riscv_restore_1
00000bac g     F .text	00000046 TIM_EncoderInterfaceConfig
00000554  w      .text	00000000 USBWakeUp_IRQHandler
00000766 g     F .text	00000010 RCC_HCLKConfig



Disassembly of section .init:

00000000 <_sinit>:
   0:	55e0006f          	j	55e <handle_reset>
   4:	00000013          	nop
   8:	00000013          	nop
   c:	00000013          	nop
  10:	00000013          	nop
  14:	00000013          	nop
  18:	00000013          	nop
  1c:	00000013          	nop
  20:	00000013          	nop
  24:	00000013          	nop
  28:	00000013          	nop
  2c:	00000013          	nop
  30:	00000013          	nop
  34:	00100073          	ebreak

Disassembly of section .vector:

00000038 <_vector_base>:
	...
  40:	01a0                	addi	s0,sp,200
  42:	0000                	unimp
  44:	01a4                	addi	s1,sp,200
  46:	0000                	unimp
  48:	0000                	unimp
  4a:	0000                	unimp
  4c:	04f6                	slli	s1,s1,0x1d
	...
  56:	0000                	unimp
  58:	04f8                	addi	a4,sp,588
  5a:	0000                	unimp
  5c:	04fa                	slli	s1,s1,0x1e
	...
  66:	0000                	unimp
  68:	04fc                	addi	a5,sp,588
  6a:	0000                	unimp
  6c:	0000                	unimp
  6e:	0000                	unimp
  70:	04fe                	slli	s1,s1,0x1f
  72:	0000                	unimp
  74:	0000                	unimp
  76:	0000                	unimp
  78:	0500                	addi	s0,sp,640
  7a:	0000                	unimp
  7c:	0502                	c.slli64	a0
  7e:	0000                	unimp
  80:	0504                	addi	s1,sp,640
  82:	0000                	unimp
  84:	0506                	slli	a0,a0,0x1
  86:	0000                	unimp
  88:	0508                	addi	a0,sp,640
  8a:	0000                	unimp
  8c:	050a                	slli	a0,a0,0x2
  8e:	0000                	unimp
  90:	050c                	addi	a1,sp,640
  92:	0000                	unimp
  94:	050e                	slli	a0,a0,0x3
  96:	0000                	unimp
  98:	0510                	addi	a2,sp,640
  9a:	0000                	unimp
  9c:	0512                	slli	a0,a0,0x4
  9e:	0000                	unimp
  a0:	0514                	addi	a3,sp,640
  a2:	0000                	unimp
  a4:	0516                	slli	a0,a0,0x5
  a6:	0000                	unimp
  a8:	0518                	addi	a4,sp,640
  aa:	0000                	unimp
  ac:	051a                	slli	a0,a0,0x6
  ae:	0000                	unimp
  b0:	051c                	addi	a5,sp,640
  b2:	0000                	unimp
  b4:	051e                	slli	a0,a0,0x7
  b6:	0000                	unimp
  b8:	0520                	addi	s0,sp,648
  ba:	0000                	unimp
  bc:	0522                	slli	a0,a0,0x8
  be:	0000                	unimp
  c0:	0524                	addi	s1,sp,648
  c2:	0000                	unimp
  c4:	0526                	slli	a0,a0,0x9
  c6:	0000                	unimp
  c8:	0528                	addi	a0,sp,648
  ca:	0000                	unimp
  cc:	052a                	slli	a0,a0,0xa
  ce:	0000                	unimp
  d0:	052c                	addi	a1,sp,648
  d2:	0000                	unimp
  d4:	052e                	slli	a0,a0,0xb
  d6:	0000                	unimp
  d8:	0530                	addi	a2,sp,648
  da:	0000                	unimp
  dc:	0532                	slli	a0,a0,0xc
  de:	0000                	unimp
  e0:	0534                	addi	a3,sp,648
  e2:	0000                	unimp
  e4:	0536                	slli	a0,a0,0xd
  e6:	0000                	unimp
  e8:	0538                	addi	a4,sp,648
  ea:	0000                	unimp
  ec:	053a                	slli	a0,a0,0xe
  ee:	0000                	unimp
  f0:	053c                	addi	a5,sp,648
  f2:	0000                	unimp
  f4:	053e                	slli	a0,a0,0xf
  f6:	0000                	unimp
  f8:	0540                	addi	s0,sp,644
  fa:	0000                	unimp
  fc:	0542                	slli	a0,a0,0x10
  fe:	0000                	unimp
 100:	0544                	addi	s1,sp,644
 102:	0000                	unimp
 104:	0546                	slli	a0,a0,0x11
 106:	0000                	unimp
 108:	0548                	addi	a0,sp,644
 10a:	0000                	unimp
 10c:	054a                	slli	a0,a0,0x12
 10e:	0000                	unimp
 110:	054c                	addi	a1,sp,644
 112:	0000                	unimp
 114:	054e                	slli	a0,a0,0x13
 116:	0000                	unimp
 118:	0550                	addi	a2,sp,644
 11a:	0000                	unimp
 11c:	0552                	slli	a0,a0,0x14
 11e:	0000                	unimp
 120:	0554                	addi	a3,sp,644
 122:	0000                	unimp
 124:	0556                	slli	a0,a0,0x15
 126:	0000                	unimp
 128:	0558                	addi	a4,sp,644
 12a:	0000                	unimp
 12c:	055a                	slli	a0,a0,0x16
 12e:	0000                	unimp
 130:	055c                	addi	a5,sp,644
	...

Disassembly of section .text:

00000140 <__riscv_save_12>:
 140:	7139                	addi	sp,sp,-64
 142:	4301                	li	t1,0
 144:	c66e                	sw	s11,12(sp)
 146:	a019                	j	14c <__riscv_save_10+0x4>

00000148 <__riscv_save_10>:
 148:	7139                	addi	sp,sp,-64
 14a:	5341                	li	t1,-16
 14c:	c86a                	sw	s10,16(sp)
 14e:	ca66                	sw	s9,20(sp)
 150:	cc62                	sw	s8,24(sp)
 152:	ce5e                	sw	s7,28(sp)
 154:	a019                	j	15a <__riscv_save_4+0x4>

00000156 <__riscv_save_4>:
 156:	7139                	addi	sp,sp,-64
 158:	5301                	li	t1,-32
 15a:	d05a                	sw	s6,32(sp)
 15c:	d256                	sw	s5,36(sp)
 15e:	d452                	sw	s4,40(sp)
 160:	d64e                	sw	s3,44(sp)
 162:	d84a                	sw	s2,48(sp)
 164:	da26                	sw	s1,52(sp)
 166:	dc22                	sw	s0,56(sp)
 168:	de06                	sw	ra,60(sp)
 16a:	40610133          	sub	sp,sp,t1
 16e:	8282                	jr	t0

00000170 <__riscv_save_0>:
 170:	1141                	addi	sp,sp,-16
 172:	c04a                	sw	s2,0(sp)
 174:	c226                	sw	s1,4(sp)
 176:	c422                	sw	s0,8(sp)
 178:	c606                	sw	ra,12(sp)
 17a:	8282                	jr	t0

0000017c <__riscv_restore_12>:
 17c:	4db2                	lw	s11,12(sp)
 17e:	0141                	addi	sp,sp,16

00000180 <__riscv_restore_10>:
 180:	4d02                	lw	s10,0(sp)
 182:	4c92                	lw	s9,4(sp)
 184:	4c22                	lw	s8,8(sp)
 186:	4bb2                	lw	s7,12(sp)
 188:	0141                	addi	sp,sp,16

0000018a <__riscv_restore_4>:
 18a:	4b02                	lw	s6,0(sp)
 18c:	4a92                	lw	s5,4(sp)
 18e:	4a22                	lw	s4,8(sp)
 190:	49b2                	lw	s3,12(sp)
 192:	0141                	addi	sp,sp,16

00000194 <__riscv_restore_0>:
 194:	4902                	lw	s2,0(sp)
 196:	4492                	lw	s1,4(sp)
 198:	4422                	lw	s0,8(sp)
 19a:	40b2                	lw	ra,12(sp)
 19c:	0141                	addi	sp,sp,16
 19e:	8082                	ret

000001a0 <NMI_Handler>:
 1a0:	30200073          	mret

000001a4 <HardFault_Handler>:
 1a4:	a001                	j	1a4 <HardFault_Handler>

000001a6 <GPIO_Init()>:
 1a6:	fcbff2ef          	jal	t0,170 <__riscv_save_0>
 1aa:	1141                	addi	sp,sp,-16
 1ac:	40011437          	lui	s0,0x40011
 1b0:	478d                	li	a5,3
 1b2:	44e1                	li	s1,24
 1b4:	c43e                	sw	a5,8(sp)
 1b6:	004c                	addi	a1,sp,4
 1b8:	10000793          	li	a5,256
 1bc:	80040513          	addi	a0,s0,-2048 # 40010800 <_eusrstack+0x2000b800>
 1c0:	c626                	sw	s1,12(sp)
 1c2:	00f11223          	sh	a5,4(sp)
 1c6:	2939                	jal	5e4 <GPIO_Init>
 1c8:	20000793          	li	a5,512
 1cc:	004c                	addi	a1,sp,4
 1ce:	80040513          	addi	a0,s0,-2048
 1d2:	00f11223          	sh	a5,4(sp)
 1d6:	2139                	jal	5e4 <GPIO_Init>
 1d8:	77e1                	lui	a5,0xffff8
 1da:	004c                	addi	a1,sp,4
 1dc:	80040513          	addi	a0,s0,-2048
 1e0:	00f11223          	sh	a5,4(sp)
 1e4:	2101                	jal	5e4 <GPIO_Init>
 1e6:	47a1                	li	a5,8
 1e8:	004c                	addi	a1,sp,4
 1ea:	c0040513          	addi	a0,s0,-1024
 1ee:	00f11223          	sh	a5,4(sp)
 1f2:	2ecd                	jal	5e4 <GPIO_Init>
 1f4:	04000793          	li	a5,64
 1f8:	004c                	addi	a1,sp,4
 1fa:	80040513          	addi	a0,s0,-2048
 1fe:	c626                	sw	s1,12(sp)
 200:	00f11223          	sh	a5,4(sp)
 204:	26c5                	jal	5e4 <GPIO_Init>
 206:	08000793          	li	a5,128
 20a:	004c                	addi	a1,sp,4
 20c:	80040513          	addi	a0,s0,-2048
 210:	00f11223          	sh	a5,4(sp)
 214:	2ec1                	jal	5e4 <GPIO_Init>
 216:	0141                	addi	sp,sp,16
 218:	bfb5                	j	194 <__riscv_restore_0>

0000021a <main>:
 21a:	f2fff2ef          	jal	t0,148 <__riscv_save_10>
 21e:	4509                	li	a0,2
 220:	2975                	jal	6dc <NVIC_PriorityGroupConfig>
 222:	81818513          	addi	a0,gp,-2024 # 20000018 <_edata>
 226:	205000ef          	jal	ra,c2a <device_cpu::init()>
 22a:	6585                	lui	a1,0x1
 22c:	4605                	li	a2,1
 22e:	80058593          	addi	a1,a1,-2048 # 800 <__stack_size>
 232:	81818513          	addi	a0,gp,-2024 # 20000018 <_edata>
 236:	237000ef          	jal	ra,c6c <device_cpu::Peripheral_APB2_Config(unsigned long, FunctionalState)>
 23a:	4605                	li	a2,1
 23c:	4591                	li	a1,4
 23e:	81818513          	addi	a0,gp,-2024 # 20000018 <_edata>
 242:	22b000ef          	jal	ra,c6c <device_cpu::Peripheral_APB2_Config(unsigned long, FunctionalState)>
 246:	4605                	li	a2,1
 248:	45a1                	li	a1,8
 24a:	81818513          	addi	a0,gp,-2024 # 20000018 <_edata>
 24e:	21f000ef          	jal	ra,c6c <device_cpu::Peripheral_APB2_Config(unsigned long, FunctionalState)>
 252:	4605                	li	a2,1
 254:	4589                	li	a1,2
 256:	81818513          	addi	a0,gp,-2024 # 20000018 <_edata>
 25a:	205000ef          	jal	ra,c5e <device_cpu::Peripheral_APB1_Config(unsigned long, FunctionalState)>
 25e:	4605                	li	a2,1
 260:	4585                	li	a1,1
 262:	81818513          	addi	a0,gp,-2024 # 20000018 <_edata>
 266:	1f9000ef          	jal	ra,c5e <device_cpu::Peripheral_APB1_Config(unsigned long, FunctionalState)>
 26a:	40013937          	lui	s2,0x40013
 26e:	3f25                	jal	1a6 <GPIO_Init()>
 270:	c0090593          	addi	a1,s2,-1024 # 40012c00 <_eusrstack+0x2000dc00>
 274:	81818513          	addi	a0,gp,-2024 # 20000018 <_edata>
 278:	21f000ef          	jal	ra,c96 <device_cpu::Timer_SetEncoderMode(TIM_TypeDef*)>
 27c:	400005b7          	lui	a1,0x40000
 280:	81818513          	addi	a0,gp,-2024 # 20000018 <_edata>
 284:	213000ef          	jal	ra,c96 <device_cpu::Timer_SetEncoderMode(TIM_TypeDef*)>
 288:	400004b7          	lui	s1,0x40000
 28c:	2d000713          	li	a4,720
 290:	4681                	li	a3,0
 292:	4619                	li	a2,6
 294:	40048593          	addi	a1,s1,1024 # 40000400 <_eusrstack+0x1fffb400>
 298:	81818513          	addi	a0,gp,-2024 # 20000018 <_edata>
 29c:	231000ef          	jal	ra,ccc <device_cpu::Timer_SetPWMMode(TIM_TypeDef*, unsigned int, unsigned int, unsigned int)>
 2a0:	2d000713          	li	a4,720
 2a4:	4685                	li	a3,1
 2a6:	4619                	li	a2,6
 2a8:	40048593          	addi	a1,s1,1024
 2ac:	81818513          	addi	a0,gp,-2024 # 20000018 <_edata>
 2b0:	21d000ef          	jal	ra,ccc <device_cpu::Timer_SetPWMMode(TIM_TypeDef*, unsigned int, unsigned int, unsigned int)>
 2b4:	c0090593          	addi	a1,s2,-1024
 2b8:	4605                	li	a2,1
 2ba:	81818513          	addi	a0,gp,-2024 # 20000018 <_edata>
 2be:	2dd000ef          	jal	ra,d9a <device_cpu::Timer_Enable(TIM_TypeDef*, FunctionalState)>
 2c2:	4605                	li	a2,1
 2c4:	400005b7          	lui	a1,0x40000
 2c8:	81818513          	addi	a0,gp,-2024 # 20000018 <_edata>
 2cc:	2cf000ef          	jal	ra,d9a <device_cpu::Timer_Enable(TIM_TypeDef*, FunctionalState)>
 2d0:	4605                	li	a2,1
 2d2:	40048593          	addi	a1,s1,1024
 2d6:	81818513          	addi	a0,gp,-2024 # 20000018 <_edata>
 2da:	20000a37          	lui	s4,0x20000
 2de:	2bd000ef          	jal	ra,d9a <device_cpu::Timer_Enable(TIM_TypeDef*, FunctionalState)>
 2e2:	000a0913          	mv	s2,s4
 2e6:	2c9000ef          	jal	ra,dae <Delay_Init>
 2ea:	00492683          	lw	a3,4(s2)
 2ee:	4601                	li	a2,0
 2f0:	40048593          	addi	a1,s1,1024
 2f4:	16868693          	addi	a3,a3,360
 2f8:	81818513          	addi	a0,gp,-2024 # 20000018 <_edata>
 2fc:	261000ef          	jal	ra,d5c <device_cpu::Timer_PWM_Set_Value(TIM_TypeDef*, unsigned int, unsigned int)>
 300:	00092683          	lw	a3,0(s2)
 304:	4605                	li	a2,1
 306:	40048593          	addi	a1,s1,1024
 30a:	16868693          	addi	a3,a3,360
 30e:	81818513          	addi	a0,gp,-2024 # 20000018 <_edata>
 312:	6ab1                	lui	s5,0xc
 314:	249000ef          	jal	ra,d5c <device_cpu::Timer_PWM_Set_Value(TIM_TypeDef*, unsigned int, unsigned int)>
 318:	000a0a13          	mv	s4,s4
 31c:	80818993          	addi	s3,gp,-2040 # 20000008 <position>
 320:	81c18913          	addi	s2,gp,-2020 # 2000001c <delta>
 324:	350a8a93          	addi	s5,s5,848 # c350 <_data_lma+0xb57c>
 328:	400135b7          	lui	a1,0x40013
 32c:	c0058593          	addi	a1,a1,-1024 # 40012c00 <_eusrstack+0x2000dc00>
 330:	81818513          	addi	a0,gp,-2024 # 20000018 <_edata>
 334:	275000ef          	jal	ra,da8 <device_cpu::Timer_GetCounter(TIM_TypeDef*)>
 338:	00a9a023          	sw	a0,0(s3)
 33c:	400005b7          	lui	a1,0x40000
 340:	81818513          	addi	a0,gp,-2024 # 20000018 <_edata>
 344:	265000ef          	jal	ra,da8 <device_cpu::Timer_GetCounter(TIM_TypeDef*)>
 348:	6b1d                	lui	s6,0x7
 34a:	00a9a223          	sw	a0,4(s3)
 34e:	4481                	li	s1,0
 350:	fcc00c13          	li	s8,-52
 354:	530b0b13          	addi	s6,s6,1328 # 7530 <_data_lma+0x675c>
 358:	8241a703          	lw	a4,-2012(gp) # 20000024 <position_last>
 35c:	0009a783          	lw	a5,0(s3)
 360:	82418693          	addi	a3,gp,-2012 # 20000024 <position_last>
 364:	06f70963          	beq	a4,a5,3d6 <main+0x1bc>
 368:	08e7f163          	bgeu	a5,a4,3ea <main+0x1d0>
 36c:	40f70633          	sub	a2,a4,a5
 370:	06cb7863          	bgeu	s6,a2,3e0 <main+0x1c6>
 374:	6641                	lui	a2,0x10
 376:	167d                	addi	a2,a2,-1
 378:	97b2                	add	a5,a5,a2
 37a:	009905b3          	add	a1,s2,s1
 37e:	8f99                	sub	a5,a5,a4
 380:	c19c                	sw	a5,0(a1)
 382:	00998733          	add	a4,s3,s1
 386:	4318                	lw	a4,0(a4)
 388:	009687b3          	add	a5,a3,s1
 38c:	c398                	sw	a4,0(a5)
 38e:	009a0733          	add	a4,s4,s1
 392:	009907b3          	add	a5,s2,s1
 396:	439c                	lw	a5,0(a5)
 398:	4314                	lw	a3,0(a4)
 39a:	97b6                	add	a5,a5,a3
 39c:	0787c063          	blt	a5,s8,3fc <main+0x1e2>
 3a0:	fcb00793          	li	a5,-53
 3a4:	c31c                	sw	a5,0(a4)
 3a6:	004a2683          	lw	a3,4(s4) # 20000004 <_data_vma+0x4>
 3aa:	40000cb7          	lui	s9,0x40000
 3ae:	4601                	li	a2,0
 3b0:	16868693          	addi	a3,a3,360
 3b4:	400c8593          	addi	a1,s9,1024 # 40000400 <_eusrstack+0x1fffb400>
 3b8:	81818513          	addi	a0,gp,-2024 # 20000018 <_edata>
 3bc:	1a1000ef          	jal	ra,d5c <device_cpu::Timer_PWM_Set_Value(TIM_TypeDef*, unsigned int, unsigned int)>
 3c0:	000a2683          	lw	a3,0(s4)
 3c4:	4605                	li	a2,1
 3c6:	400c8593          	addi	a1,s9,1024
 3ca:	16868693          	addi	a3,a3,360
 3ce:	81818513          	addi	a0,gp,-2024 # 20000018 <_edata>
 3d2:	18b000ef          	jal	ra,d5c <device_cpu::Timer_PWM_Set_Value(TIM_TypeDef*, unsigned int, unsigned int)>
 3d6:	0491                	addi	s1,s1,4
 3d8:	47a1                	li	a5,8
 3da:	f6f49fe3          	bne	s1,a5,358 <main+0x13e>
 3de:	b7a9                	j	328 <main+0x10e>
 3e0:	00990633          	add	a2,s2,s1
 3e4:	8f99                	sub	a5,a5,a4
 3e6:	c21c                	sw	a5,0(a2)
 3e8:	bf69                	j	382 <main+0x168>
 3ea:	8f99                	sub	a5,a5,a4
 3ec:	00990733          	add	a4,s2,s1
 3f0:	00faf463          	bgeu	s5,a5,3f8 <main+0x1de>
 3f4:	7641                	lui	a2,0xffff0
 3f6:	97b2                	add	a5,a5,a2
 3f8:	c31c                	sw	a5,0(a4)
 3fa:	b761                	j	382 <main+0x168>
 3fc:	e9800693          	li	a3,-360
 400:	fad7d2e3          	bge	a5,a3,3a4 <main+0x18a>
 404:	c314                	sw	a3,0(a4)
 406:	b745                	j	3a6 <main+0x18c>

00000408 <SystemInit>:
 408:	400217b7          	lui	a5,0x40021
 40c:	4398                	lw	a4,0(a5)
 40e:	f8ff06b7          	lui	a3,0xf8ff0
 412:	1141                	addi	sp,sp,-16
 414:	00176713          	ori	a4,a4,1
 418:	c398                	sw	a4,0(a5)
 41a:	43d8                	lw	a4,4(a5)
 41c:	00020637          	lui	a2,0x20
 420:	8f75                	and	a4,a4,a3
 422:	c3d8                	sw	a4,4(a5)
 424:	4398                	lw	a4,0(a5)
 426:	fef706b7          	lui	a3,0xfef70
 42a:	16fd                	addi	a3,a3,-1
 42c:	8f75                	and	a4,a4,a3
 42e:	c398                	sw	a4,0(a5)
 430:	4398                	lw	a4,0(a5)
 432:	fffc06b7          	lui	a3,0xfffc0
 436:	16fd                	addi	a3,a3,-1
 438:	8f75                	and	a4,a4,a3
 43a:	c398                	sw	a4,0(a5)
 43c:	43d8                	lw	a4,4(a5)
 43e:	ff8106b7          	lui	a3,0xff810
 442:	16fd                	addi	a3,a3,-1
 444:	8f75                	and	a4,a4,a3
 446:	c3d8                	sw	a4,4(a5)
 448:	009f0737          	lui	a4,0x9f0
 44c:	c798                	sw	a4,8(a5)
 44e:	c402                	sw	zero,8(sp)
 450:	c602                	sw	zero,12(sp)
 452:	4398                	lw	a4,0(a5)
 454:	66c1                	lui	a3,0x10
 456:	8f55                	or	a4,a4,a3
 458:	c398                	sw	a4,0(a5)
 45a:	400216b7          	lui	a3,0x40021
 45e:	6705                	lui	a4,0x1
 460:	429c                	lw	a5,0(a3)
 462:	8ff1                	and	a5,a5,a2
 464:	c63e                	sw	a5,12(sp)
 466:	47a2                	lw	a5,8(sp)
 468:	0785                	addi	a5,a5,1
 46a:	c43e                	sw	a5,8(sp)
 46c:	47b2                	lw	a5,12(sp)
 46e:	e781                	bnez	a5,476 <SystemInit+0x6e>
 470:	47a2                	lw	a5,8(sp)
 472:	fee797e3          	bne	a5,a4,460 <SystemInit+0x58>
 476:	400217b7          	lui	a5,0x40021
 47a:	439c                	lw	a5,0(a5)
 47c:	00e79713          	slli	a4,a5,0xe
 480:	06075763          	bgez	a4,4ee <SystemInit+0xe6>
 484:	4785                	li	a5,1
 486:	c63e                	sw	a5,12(sp)
 488:	4732                	lw	a4,12(sp)
 48a:	4785                	li	a5,1
 48c:	04f71f63          	bne	a4,a5,4ea <SystemInit+0xe2>
 490:	400217b7          	lui	a5,0x40021
 494:	43d8                	lw	a4,4(a5)
 496:	ffc106b7          	lui	a3,0xffc10
 49a:	16fd                	addi	a3,a3,-1
 49c:	c3d8                	sw	a4,4(a5)
 49e:	43d8                	lw	a4,4(a5)
 4a0:	c3d8                	sw	a4,4(a5)
 4a2:	43d8                	lw	a4,4(a5)
 4a4:	40076713          	ori	a4,a4,1024
 4a8:	c3d8                	sw	a4,4(a5)
 4aa:	43d8                	lw	a4,4(a5)
 4ac:	8f75                	and	a4,a4,a3
 4ae:	c3d8                	sw	a4,4(a5)
 4b0:	43d8                	lw	a4,4(a5)
 4b2:	001d06b7          	lui	a3,0x1d0
 4b6:	8f55                	or	a4,a4,a3
 4b8:	c3d8                	sw	a4,4(a5)
 4ba:	4398                	lw	a4,0(a5)
 4bc:	010006b7          	lui	a3,0x1000
 4c0:	8f55                	or	a4,a4,a3
 4c2:	c398                	sw	a4,0(a5)
 4c4:	4398                	lw	a4,0(a5)
 4c6:	00671693          	slli	a3,a4,0x6
 4ca:	fe06dde3          	bgez	a3,4c4 <SystemInit+0xbc>
 4ce:	43d8                	lw	a4,4(a5)
 4d0:	400216b7          	lui	a3,0x40021
 4d4:	9b71                	andi	a4,a4,-4
 4d6:	c3d8                	sw	a4,4(a5)
 4d8:	43d8                	lw	a4,4(a5)
 4da:	00276713          	ori	a4,a4,2
 4de:	c3d8                	sw	a4,4(a5)
 4e0:	4721                	li	a4,8
 4e2:	42dc                	lw	a5,4(a3)
 4e4:	8bb1                	andi	a5,a5,12
 4e6:	fee79ee3          	bne	a5,a4,4e2 <SystemInit+0xda>
 4ea:	0141                	addi	sp,sp,16
 4ec:	8082                	ret
 4ee:	c602                	sw	zero,12(sp)
 4f0:	bf61                	j	488 <SystemInit+0x80>
 4f2:	a001                	j	4f2 <SystemInit+0xea>
 4f4:	a001                	j	4f4 <SystemInit+0xec>

000004f6 <Ecall_M_Mode_Handler>:
 4f6:	a001                	j	4f6 <Ecall_M_Mode_Handler>

000004f8 <Ecall_U_Mode_Handler>:
 4f8:	a001                	j	4f8 <Ecall_U_Mode_Handler>

000004fa <Break_Point_Handler>:
 4fa:	a001                	j	4fa <Break_Point_Handler>

000004fc <SysTick_Handler>:
 4fc:	a001                	j	4fc <SysTick_Handler>

000004fe <SW_Handler>:
 4fe:	a001                	j	4fe <SW_Handler>

00000500 <WWDG_IRQHandler>:
 500:	a001                	j	500 <WWDG_IRQHandler>

00000502 <PVD_IRQHandler>:
 502:	a001                	j	502 <PVD_IRQHandler>

00000504 <TAMPER_IRQHandler>:
 504:	a001                	j	504 <TAMPER_IRQHandler>

00000506 <RTC_IRQHandler>:
 506:	a001                	j	506 <RTC_IRQHandler>

00000508 <FLASH_IRQHandler>:
 508:	a001                	j	508 <FLASH_IRQHandler>

0000050a <RCC_IRQHandler>:
 50a:	a001                	j	50a <RCC_IRQHandler>

0000050c <EXTI0_IRQHandler>:
 50c:	a001                	j	50c <EXTI0_IRQHandler>

0000050e <EXTI1_IRQHandler>:
 50e:	a001                	j	50e <EXTI1_IRQHandler>

00000510 <EXTI2_IRQHandler>:
 510:	a001                	j	510 <EXTI2_IRQHandler>

00000512 <EXTI3_IRQHandler>:
 512:	a001                	j	512 <EXTI3_IRQHandler>

00000514 <EXTI4_IRQHandler>:
 514:	a001                	j	514 <EXTI4_IRQHandler>

00000516 <DMA1_Channel1_IRQHandler>:
 516:	a001                	j	516 <DMA1_Channel1_IRQHandler>

00000518 <DMA1_Channel2_IRQHandler>:
 518:	a001                	j	518 <DMA1_Channel2_IRQHandler>

0000051a <DMA1_Channel3_IRQHandler>:
 51a:	a001                	j	51a <DMA1_Channel3_IRQHandler>

0000051c <DMA1_Channel4_IRQHandler>:
 51c:	a001                	j	51c <DMA1_Channel4_IRQHandler>

0000051e <DMA1_Channel5_IRQHandler>:
 51e:	a001                	j	51e <DMA1_Channel5_IRQHandler>

00000520 <DMA1_Channel6_IRQHandler>:
 520:	a001                	j	520 <DMA1_Channel6_IRQHandler>

00000522 <DMA1_Channel7_IRQHandler>:
 522:	a001                	j	522 <DMA1_Channel7_IRQHandler>

00000524 <ADC1_2_IRQHandler>:
 524:	a001                	j	524 <ADC1_2_IRQHandler>

00000526 <USB_HP_CAN1_TX_IRQHandler>:
 526:	a001                	j	526 <USB_HP_CAN1_TX_IRQHandler>

00000528 <USB_LP_CAN1_RX0_IRQHandler>:
 528:	a001                	j	528 <USB_LP_CAN1_RX0_IRQHandler>

0000052a <CAN1_RX1_IRQHandler>:
 52a:	a001                	j	52a <CAN1_RX1_IRQHandler>

0000052c <CAN1_SCE_IRQHandler>:
 52c:	a001                	j	52c <CAN1_SCE_IRQHandler>

0000052e <EXTI9_5_IRQHandler>:
 52e:	a001                	j	52e <EXTI9_5_IRQHandler>

00000530 <TIM1_BRK_IRQHandler>:
 530:	a001                	j	530 <TIM1_BRK_IRQHandler>

00000532 <TIM1_UP_IRQHandler>:
 532:	a001                	j	532 <TIM1_UP_IRQHandler>

00000534 <TIM1_TRG_COM_IRQHandler>:
 534:	a001                	j	534 <TIM1_TRG_COM_IRQHandler>

00000536 <TIM1_CC_IRQHandler>:
 536:	a001                	j	536 <TIM1_CC_IRQHandler>

00000538 <TIM2_IRQHandler>:
 538:	a001                	j	538 <TIM2_IRQHandler>

0000053a <TIM3_IRQHandler>:
 53a:	a001                	j	53a <TIM3_IRQHandler>

0000053c <TIM4_IRQHandler>:
 53c:	a001                	j	53c <TIM4_IRQHandler>

0000053e <I2C1_EV_IRQHandler>:
 53e:	a001                	j	53e <I2C1_EV_IRQHandler>

00000540 <I2C1_ER_IRQHandler>:
 540:	a001                	j	540 <I2C1_ER_IRQHandler>

00000542 <I2C2_EV_IRQHandler>:
 542:	a001                	j	542 <I2C2_EV_IRQHandler>

00000544 <I2C2_ER_IRQHandler>:
 544:	a001                	j	544 <I2C2_ER_IRQHandler>

00000546 <SPI1_IRQHandler>:
 546:	a001                	j	546 <SPI1_IRQHandler>

00000548 <SPI2_IRQHandler>:
 548:	a001                	j	548 <SPI2_IRQHandler>

0000054a <USART1_IRQHandler>:
 54a:	a001                	j	54a <USART1_IRQHandler>

0000054c <USART2_IRQHandler>:
 54c:	a001                	j	54c <USART2_IRQHandler>

0000054e <USART3_IRQHandler>:
 54e:	a001                	j	54e <USART3_IRQHandler>

00000550 <EXTI15_10_IRQHandler>:
 550:	a001                	j	550 <EXTI15_10_IRQHandler>

00000552 <RTCAlarm_IRQHandler>:
 552:	a001                	j	552 <RTCAlarm_IRQHandler>

00000554 <USBWakeUp_IRQHandler>:
 554:	a001                	j	554 <USBWakeUp_IRQHandler>

00000556 <USBHD_IRQHandler>:
 556:	a001                	j	556 <USBHD_IRQHandler>

00000558 <USBHDWakeUp_IRQHandler>:
 558:	a001                	j	558 <USBHDWakeUp_IRQHandler>

0000055a <UART4_IRQHandler>:
 55a:	a001                	j	55a <UART4_IRQHandler>

0000055c <DMA1_Channel8_IRQHandler>:
 55c:	a001                	j	55c <DMA1_Channel8_IRQHandler>

0000055e <handle_reset>:
 55e:	20000197          	auipc	gp,0x20000
 562:	2a218193          	addi	gp,gp,674 # 20000800 <__global_pointer$>
 566:	20005117          	auipc	sp,0x20005
 56a:	a9a10113          	addi	sp,sp,-1382 # 20005000 <_eusrstack>
 56e:	00001517          	auipc	a0,0x1
 572:	86650513          	addi	a0,a0,-1946 # dd4 <_data_lma>
 576:	20000597          	auipc	a1,0x20000
 57a:	a8a58593          	addi	a1,a1,-1398 # 20000000 <_data_vma>
 57e:	81818613          	addi	a2,gp,-2024 # 20000018 <_edata>
 582:	00c5fa63          	bgeu	a1,a2,596 <handle_reset+0x38>
 586:	00052283          	lw	t0,0(a0)
 58a:	0055a023          	sw	t0,0(a1)
 58e:	0511                	addi	a0,a0,4
 590:	0591                	addi	a1,a1,4
 592:	fec5eae3          	bltu	a1,a2,586 <handle_reset+0x28>
 596:	81818513          	addi	a0,gp,-2024 # 20000018 <_edata>
 59a:	83818593          	addi	a1,gp,-1992 # 20000038 <_ebss>
 59e:	00b57763          	bgeu	a0,a1,5ac <handle_reset+0x4e>
 5a2:	00052023          	sw	zero,0(a0)
 5a6:	0511                	addi	a0,a0,4
 5a8:	feb56de3          	bltu	a0,a1,5a2 <handle_reset+0x44>
 5ac:	42fd                	li	t0,31
 5ae:	bc029073          	csrw	0xbc0,t0
 5b2:	428d                	li	t0,3
 5b4:	80429073          	csrw	0x804,t0
 5b8:	08800293          	li	t0,136
 5bc:	3002a073          	csrs	mstatus,t0
 5c0:	00000297          	auipc	t0,0x0
 5c4:	a7828293          	addi	t0,t0,-1416 # 38 <_einit>
 5c8:	0032e293          	ori	t0,t0,3
 5cc:	30529073          	csrw	mtvec,t0
 5d0:	e39ff0ef          	jal	ra,408 <SystemInit>
 5d4:	00000297          	auipc	t0,0x0
 5d8:	c4628293          	addi	t0,t0,-954 # 21a <main>
 5dc:	34129073          	csrw	mepc,t0
 5e0:	30200073          	mret

000005e4 <GPIO_Init>:
 5e4:	459c                	lw	a5,8(a1)
 5e6:	0107f713          	andi	a4,a5,16
 5ea:	00f7f813          	andi	a6,a5,15
 5ee:	c701                	beqz	a4,5f6 <GPIO_Init+0x12>
 5f0:	41d8                	lw	a4,4(a1)
 5f2:	00e86833          	or	a6,a6,a4
 5f6:	40022737          	lui	a4,0x40022
 5fa:	5b14                	lw	a3,48(a4)
 5fc:	0f000737          	lui	a4,0xf000
 600:	8f75                	and	a4,a4,a3
 602:	ef45                	bnez	a4,6ba <GPIO_Init+0xd6>
 604:	4685                	li	a3,1
 606:	82d18623          	sb	a3,-2004(gp) # 2000002c <MCU_Version>
 60a:	40011737          	lui	a4,0x40011
 60e:	00e51763          	bne	a0,a4,61c <GPIO_Init+0x38>
 612:	0005d703          	lhu	a4,0(a1)
 616:	8335                	srli	a4,a4,0xd
 618:	00e59023          	sh	a4,0(a1)
 61c:	0005d583          	lhu	a1,0(a1)
 620:	0ff5f713          	andi	a4,a1,255
 624:	c339                	beqz	a4,66a <GPIO_Init+0x86>
 626:	4118                	lw	a4,0(a0)
 628:	4681                	li	a3,0
 62a:	4e85                	li	t4,1
 62c:	4f3d                	li	t5,15
 62e:	02800f93          	li	t6,40
 632:	04800293          	li	t0,72
 636:	4e21                	li	t3,8
 638:	00de9633          	sll	a2,t4,a3
 63c:	00c5f8b3          	and	a7,a1,a2
 640:	03161163          	bne	a2,a7,662 <GPIO_Init+0x7e>
 644:	00269893          	slli	a7,a3,0x2
 648:	011f1333          	sll	t1,t5,a7
 64c:	fff34313          	not	t1,t1
 650:	00e37733          	and	a4,t1,a4
 654:	011818b3          	sll	a7,a6,a7
 658:	00e8e733          	or	a4,a7,a4
 65c:	07f79763          	bne	a5,t6,6ca <GPIO_Init+0xe6>
 660:	c950                	sw	a2,20(a0)
 662:	0685                	addi	a3,a3,1
 664:	fdc69ae3          	bne	a3,t3,638 <GPIO_Init+0x54>
 668:	c118                	sw	a4,0(a0)
 66a:	0ff00713          	li	a4,255
 66e:	04b77563          	bgeu	a4,a1,6b8 <GPIO_Init+0xd4>
 672:	4154                	lw	a3,4(a0)
 674:	4621                	li	a2,8
 676:	4e85                	li	t4,1
 678:	4f3d                	li	t5,15
 67a:	02800f93          	li	t6,40
 67e:	04800293          	li	t0,72
 682:	4e41                	li	t3,16
 684:	00ce98b3          	sll	a7,t4,a2
 688:	0115f733          	and	a4,a1,a7
 68c:	02e89263          	bne	a7,a4,6b0 <GPIO_Init+0xcc>
 690:	00261713          	slli	a4,a2,0x2
 694:	1701                	addi	a4,a4,-32
 696:	00ef1333          	sll	t1,t5,a4
 69a:	fff34313          	not	t1,t1
 69e:	00d376b3          	and	a3,t1,a3
 6a2:	00e81733          	sll	a4,a6,a4
 6a6:	8ed9                	or	a3,a3,a4
 6a8:	03f79563          	bne	a5,t6,6d2 <GPIO_Init+0xee>
 6ac:	01152a23          	sw	a7,20(a0)
 6b0:	0605                	addi	a2,a2,1
 6b2:	fdc619e3          	bne	a2,t3,684 <GPIO_Init+0xa0>
 6b6:	c154                	sw	a3,4(a0)
 6b8:	8082                	ret
 6ba:	40011737          	lui	a4,0x40011
 6be:	f4e51fe3          	bne	a0,a4,61c <GPIO_Init+0x38>
 6c2:	82c1c703          	lbu	a4,-2004(gp) # 2000002c <MCU_Version>
 6c6:	db39                	beqz	a4,61c <GPIO_Init+0x38>
 6c8:	b7a9                	j	612 <GPIO_Init+0x2e>
 6ca:	f8579ce3          	bne	a5,t0,662 <GPIO_Init+0x7e>
 6ce:	c910                	sw	a2,16(a0)
 6d0:	bf49                	j	662 <GPIO_Init+0x7e>
 6d2:	fc579fe3          	bne	a5,t0,6b0 <GPIO_Init+0xcc>
 6d6:	01152823          	sw	a7,16(a0)
 6da:	bfd9                	j	6b0 <GPIO_Init+0xcc>

000006dc <NVIC_PriorityGroupConfig>:
 6dc:	82a1a823          	sw	a0,-2000(gp) # 20000030 <NVIC_Priority_Group>
 6e0:	8082                	ret

000006e2 <RCC_HSEConfig>:
 6e2:	400217b7          	lui	a5,0x40021
 6e6:	4398                	lw	a4,0(a5)
 6e8:	76c1                	lui	a3,0xffff0
 6ea:	16fd                	addi	a3,a3,-1
 6ec:	8f75                	and	a4,a4,a3
 6ee:	c398                	sw	a4,0(a5)
 6f0:	4398                	lw	a4,0(a5)
 6f2:	fffc06b7          	lui	a3,0xfffc0
 6f6:	16fd                	addi	a3,a3,-1
 6f8:	8f75                	and	a4,a4,a3
 6fa:	c398                	sw	a4,0(a5)
 6fc:	6741                	lui	a4,0x10
 6fe:	00e50763          	beq	a0,a4,70c <RCC_HSEConfig+0x2a>
 702:	00040737          	lui	a4,0x40
 706:	00e50763          	beq	a0,a4,714 <RCC_HSEConfig+0x32>
 70a:	8082                	ret
 70c:	4398                	lw	a4,0(a5)
 70e:	8f49                	or	a4,a4,a0
 710:	c398                	sw	a4,0(a5)
 712:	8082                	ret
 714:	4398                	lw	a4,0(a5)
 716:	000506b7          	lui	a3,0x50
 71a:	8f55                	or	a4,a4,a3
 71c:	bfd5                	j	710 <RCC_HSEConfig+0x2e>

0000071e <RCC_PLLConfig>:
 71e:	400216b7          	lui	a3,0x40021
 722:	42dc                	lw	a5,4(a3)
 724:	ffc10737          	lui	a4,0xffc10
 728:	177d                	addi	a4,a4,-1
 72a:	8ff9                	and	a5,a5,a4
 72c:	8ddd                	or	a1,a1,a5
 72e:	8dc9                	or	a1,a1,a0
 730:	c2cc                	sw	a1,4(a3)
 732:	8082                	ret

00000734 <RCC_PLLCmd>:
 734:	c909                	beqz	a0,746 <RCC_PLLCmd+0x12>
 736:	40021737          	lui	a4,0x40021
 73a:	431c                	lw	a5,0(a4)
 73c:	010006b7          	lui	a3,0x1000
 740:	8fd5                	or	a5,a5,a3
 742:	c31c                	sw	a5,0(a4)
 744:	8082                	ret
 746:	400216b7          	lui	a3,0x40021
 74a:	429c                	lw	a5,0(a3)
 74c:	ff000737          	lui	a4,0xff000
 750:	177d                	addi	a4,a4,-1
 752:	8ff9                	and	a5,a5,a4
 754:	c29c                	sw	a5,0(a3)
 756:	8082                	ret

00000758 <RCC_SYSCLKConfig>:
 758:	40021737          	lui	a4,0x40021
 75c:	435c                	lw	a5,4(a4)
 75e:	9bf1                	andi	a5,a5,-4
 760:	8d5d                	or	a0,a0,a5
 762:	c348                	sw	a0,4(a4)
 764:	8082                	ret

00000766 <RCC_HCLKConfig>:
 766:	40021737          	lui	a4,0x40021
 76a:	435c                	lw	a5,4(a4)
 76c:	f0f7f793          	andi	a5,a5,-241
 770:	8d5d                	or	a0,a0,a5
 772:	c348                	sw	a0,4(a4)
 774:	8082                	ret

00000776 <RCC_PCLK1Config>:
 776:	40021737          	lui	a4,0x40021
 77a:	435c                	lw	a5,4(a4)
 77c:	8ff7f793          	andi	a5,a5,-1793
 780:	8d5d                	or	a0,a0,a5
 782:	c348                	sw	a0,4(a4)
 784:	8082                	ret

00000786 <RCC_PCLK2Config>:
 786:	400216b7          	lui	a3,0x40021
 78a:	42dc                	lw	a5,4(a3)
 78c:	7771                	lui	a4,0xffffc
 78e:	7ff70713          	addi	a4,a4,2047 # ffffc7ff <_eusrstack+0xdfff77ff>
 792:	8ff9                	and	a5,a5,a4
 794:	050e                	slli	a0,a0,0x3
 796:	8d5d                	or	a0,a0,a5
 798:	c2c8                	sw	a0,4(a3)
 79a:	8082                	ret

0000079c <RCC_ADCCLKConfig>:
 79c:	400216b7          	lui	a3,0x40021
 7a0:	42dc                	lw	a5,4(a3)
 7a2:	7751                	lui	a4,0xffff4
 7a4:	177d                	addi	a4,a4,-1
 7a6:	8ff9                	and	a5,a5,a4
 7a8:	8d5d                	or	a0,a0,a5
 7aa:	c2c8                	sw	a0,4(a3)
 7ac:	8082                	ret

000007ae <RCC_APB2PeriphClockCmd>:
 7ae:	c599                	beqz	a1,7bc <RCC_APB2PeriphClockCmd+0xe>
 7b0:	40021737          	lui	a4,0x40021
 7b4:	4f1c                	lw	a5,24(a4)
 7b6:	8d5d                	or	a0,a0,a5
 7b8:	cf08                	sw	a0,24(a4)
 7ba:	8082                	ret
 7bc:	400217b7          	lui	a5,0x40021
 7c0:	4f98                	lw	a4,24(a5)
 7c2:	fff54513          	not	a0,a0
 7c6:	8d79                	and	a0,a0,a4
 7c8:	cf88                	sw	a0,24(a5)
 7ca:	8082                	ret

000007cc <RCC_APB1PeriphClockCmd>:
 7cc:	c599                	beqz	a1,7da <RCC_APB1PeriphClockCmd+0xe>
 7ce:	40021737          	lui	a4,0x40021
 7d2:	4f5c                	lw	a5,28(a4)
 7d4:	8d5d                	or	a0,a0,a5
 7d6:	cf48                	sw	a0,28(a4)
 7d8:	8082                	ret
 7da:	400217b7          	lui	a5,0x40021
 7de:	4fd8                	lw	a4,28(a5)
 7e0:	fff54513          	not	a0,a0
 7e4:	8d79                	and	a0,a0,a4
 7e6:	cfc8                	sw	a0,28(a5)
 7e8:	8082                	ret

000007ea <RCC_APB2PeriphResetCmd>:
 7ea:	c599                	beqz	a1,7f8 <RCC_APB2PeriphResetCmd+0xe>
 7ec:	40021737          	lui	a4,0x40021
 7f0:	475c                	lw	a5,12(a4)
 7f2:	8d5d                	or	a0,a0,a5
 7f4:	c748                	sw	a0,12(a4)
 7f6:	8082                	ret
 7f8:	400217b7          	lui	a5,0x40021
 7fc:	47d8                	lw	a4,12(a5)
 7fe:	fff54513          	not	a0,a0
 802:	8d79                	and	a0,a0,a4
 804:	c7c8                	sw	a0,12(a5)
 806:	8082                	ret

00000808 <RCC_APB1PeriphResetCmd>:
 808:	c599                	beqz	a1,816 <RCC_APB1PeriphResetCmd+0xe>
 80a:	40021737          	lui	a4,0x40021
 80e:	4b1c                	lw	a5,16(a4)
 810:	8d5d                	or	a0,a0,a5
 812:	cb08                	sw	a0,16(a4)
 814:	8082                	ret
 816:	400217b7          	lui	a5,0x40021
 81a:	4b98                	lw	a4,16(a5)
 81c:	fff54513          	not	a0,a0
 820:	8d79                	and	a0,a0,a4
 822:	cb88                	sw	a0,16(a5)
 824:	8082                	ret

00000826 <RCC_MCOConfig>:
 826:	400217b7          	lui	a5,0x40021
 82a:	00a783a3          	sb	a0,7(a5) # 40021007 <_eusrstack+0x2001c007>
 82e:	8082                	ret

00000830 <RCC_GetFlagStatus>:
 830:	00555793          	srli	a5,a0,0x5
 834:	4705                	li	a4,1
 836:	00e79963          	bne	a5,a4,848 <RCC_GetFlagStatus+0x18>
 83a:	400217b7          	lui	a5,0x40021
 83e:	439c                	lw	a5,0(a5)
 840:	00a7d533          	srl	a0,a5,a0
 844:	8905                	andi	a0,a0,1
 846:	8082                	ret
 848:	4709                	li	a4,2
 84a:	00e79663          	bne	a5,a4,856 <RCC_GetFlagStatus+0x26>
 84e:	400217b7          	lui	a5,0x40021
 852:	539c                	lw	a5,32(a5)
 854:	b7f5                	j	840 <RCC_GetFlagStatus+0x10>
 856:	400217b7          	lui	a5,0x40021
 85a:	53dc                	lw	a5,36(a5)
 85c:	b7d5                	j	840 <RCC_GetFlagStatus+0x10>

0000085e <RCC_WaitForHSEStartUp>:
 85e:	913ff2ef          	jal	t0,170 <__riscv_save_0>
 862:	1141                	addi	sp,sp,-16
 864:	c602                	sw	zero,12(sp)
 866:	6405                	lui	s0,0x1
 868:	03100513          	li	a0,49
 86c:	37d1                	jal	830 <RCC_GetFlagStatus>
 86e:	47b2                	lw	a5,12(sp)
 870:	0785                	addi	a5,a5,1
 872:	c63e                	sw	a5,12(sp)
 874:	47b2                	lw	a5,12(sp)
 876:	00878363          	beq	a5,s0,87c <RCC_WaitForHSEStartUp+0x1e>
 87a:	d57d                	beqz	a0,868 <RCC_WaitForHSEStartUp+0xa>
 87c:	03100513          	li	a0,49
 880:	3f45                	jal	830 <RCC_GetFlagStatus>
 882:	00a03533          	snez	a0,a0
 886:	0141                	addi	sp,sp,16
 888:	b231                	j	194 <__riscv_restore_0>

0000088a <TIM_TimeBaseInit>:
 88a:	00055783          	lhu	a5,0(a0)
 88e:	40013737          	lui	a4,0x40013
 892:	c0070713          	addi	a4,a4,-1024 # 40012c00 <_eusrstack+0x2000dc00>
 896:	07c2                	slli	a5,a5,0x10
 898:	83c1                	srli	a5,a5,0x10
 89a:	02e50463          	beq	a0,a4,8c2 <TIM_TimeBaseInit+0x38>
 89e:	40000737          	lui	a4,0x40000
 8a2:	02e50063          	beq	a0,a4,8c2 <TIM_TimeBaseInit+0x38>
 8a6:	40070713          	addi	a4,a4,1024 # 40000400 <_eusrstack+0x1fffb400>
 8aa:	00e50c63          	beq	a0,a4,8c2 <TIM_TimeBaseInit+0x38>
 8ae:	40001737          	lui	a4,0x40001
 8b2:	80070693          	addi	a3,a4,-2048 # 40000800 <_eusrstack+0x1fffb800>
 8b6:	00d50663          	beq	a0,a3,8c2 <TIM_TimeBaseInit+0x38>
 8ba:	c0070713          	addi	a4,a4,-1024
 8be:	00e51763          	bne	a0,a4,8cc <TIM_TimeBaseInit+0x42>
 8c2:	0025d703          	lhu	a4,2(a1)
 8c6:	f8f7f793          	andi	a5,a5,-113
 8ca:	8fd9                	or	a5,a5,a4
 8cc:	0065d703          	lhu	a4,6(a1)
 8d0:	cff7f793          	andi	a5,a5,-769
 8d4:	07c2                	slli	a5,a5,0x10
 8d6:	83c1                	srli	a5,a5,0x10
 8d8:	8fd9                	or	a5,a5,a4
 8da:	00f51023          	sh	a5,0(a0)
 8de:	0045d783          	lhu	a5,4(a1)
 8e2:	02f51623          	sh	a5,44(a0)
 8e6:	0005d783          	lhu	a5,0(a1)
 8ea:	02f51423          	sh	a5,40(a0)
 8ee:	400137b7          	lui	a5,0x40013
 8f2:	c0078793          	addi	a5,a5,-1024 # 40012c00 <_eusrstack+0x2000dc00>
 8f6:	00f51663          	bne	a0,a5,902 <TIM_TimeBaseInit+0x78>
 8fa:	0085c783          	lbu	a5,8(a1)
 8fe:	02f51823          	sh	a5,48(a0)
 902:	4785                	li	a5,1
 904:	00f51a23          	sh	a5,20(a0)
 908:	8082                	ret

0000090a <TIM_OC1Init>:
 90a:	02055783          	lhu	a5,32(a0)
 90e:	0005d603          	lhu	a2,0(a1)
 912:	0025d803          	lhu	a6,2(a1)
 916:	07c2                	slli	a5,a5,0x10
 918:	83c1                	srli	a5,a5,0x10
 91a:	9bf9                	andi	a5,a5,-2
 91c:	07c2                	slli	a5,a5,0x10
 91e:	83c1                	srli	a5,a5,0x10
 920:	02f51023          	sh	a5,32(a0)
 924:	02055783          	lhu	a5,32(a0)
 928:	00455683          	lhu	a3,4(a0)
 92c:	01855703          	lhu	a4,24(a0)
 930:	07c2                	slli	a5,a5,0x10
 932:	83c1                	srli	a5,a5,0x10
 934:	0742                	slli	a4,a4,0x10
 936:	8341                	srli	a4,a4,0x10
 938:	f8c77713          	andi	a4,a4,-116
 93c:	8f51                	or	a4,a4,a2
 93e:	0085d603          	lhu	a2,8(a1)
 942:	9bf5                	andi	a5,a5,-3
 944:	06c2                	slli	a3,a3,0x10
 946:	01066633          	or	a2,a2,a6
 94a:	8fd1                	or	a5,a5,a2
 94c:	40013637          	lui	a2,0x40013
 950:	c0060613          	addi	a2,a2,-1024 # 40012c00 <_eusrstack+0x2000dc00>
 954:	82c1                	srli	a3,a3,0x10
 956:	02c51363          	bne	a0,a2,97c <TIM_OC1Init+0x72>
 95a:	00a5d603          	lhu	a2,10(a1)
 95e:	9bdd                	andi	a5,a5,-9
 960:	00e5d803          	lhu	a6,14(a1)
 964:	8fd1                	or	a5,a5,a2
 966:	0045d603          	lhu	a2,4(a1)
 96a:	9bed                	andi	a5,a5,-5
 96c:	cff6f693          	andi	a3,a3,-769
 970:	8fd1                	or	a5,a5,a2
 972:	00c5d603          	lhu	a2,12(a1)
 976:	01066633          	or	a2,a2,a6
 97a:	8ed1                	or	a3,a3,a2
 97c:	00d51223          	sh	a3,4(a0)
 980:	00e51c23          	sh	a4,24(a0)
 984:	0065d703          	lhu	a4,6(a1)
 988:	02e51a23          	sh	a4,52(a0)
 98c:	02f51023          	sh	a5,32(a0)
 990:	8082                	ret

00000992 <TIM_OC2Init>:
 992:	02055783          	lhu	a5,32(a0)
 996:	7765                	lui	a4,0xffff9
 998:	cff70713          	addi	a4,a4,-769 # ffff8cff <_eusrstack+0xdfff3cff>
 99c:	07c2                	slli	a5,a5,0x10
 99e:	83c1                	srli	a5,a5,0x10
 9a0:	9bbd                	andi	a5,a5,-17
 9a2:	07c2                	slli	a5,a5,0x10
 9a4:	83c1                	srli	a5,a5,0x10
 9a6:	02f51023          	sh	a5,32(a0)
 9aa:	02055783          	lhu	a5,32(a0)
 9ae:	00455683          	lhu	a3,4(a0)
 9b2:	0085d803          	lhu	a6,8(a1)
 9b6:	07c2                	slli	a5,a5,0x10
 9b8:	01069613          	slli	a2,a3,0x10
 9bc:	01855683          	lhu	a3,24(a0)
 9c0:	83c1                	srli	a5,a5,0x10
 9c2:	fdf7f793          	andi	a5,a5,-33
 9c6:	8f75                	and	a4,a4,a3
 9c8:	0005d683          	lhu	a3,0(a1)
 9cc:	8241                	srli	a2,a2,0x10
 9ce:	06a2                	slli	a3,a3,0x8
 9d0:	8f55                	or	a4,a4,a3
 9d2:	0025d683          	lhu	a3,2(a1)
 9d6:	0742                	slli	a4,a4,0x10
 9d8:	8341                	srli	a4,a4,0x10
 9da:	0106e6b3          	or	a3,a3,a6
 9de:	0692                	slli	a3,a3,0x4
 9e0:	8fd5                	or	a5,a5,a3
 9e2:	400136b7          	lui	a3,0x40013
 9e6:	07c2                	slli	a5,a5,0x10
 9e8:	c0068693          	addi	a3,a3,-1024 # 40012c00 <_eusrstack+0x2000dc00>
 9ec:	83c1                	srli	a5,a5,0x10
 9ee:	04d51163          	bne	a0,a3,a30 <TIM_OC2Init+0x9e>
 9f2:	00a5d683          	lhu	a3,10(a1)
 9f6:	f7f7f793          	andi	a5,a5,-129
 9fa:	00c5d803          	lhu	a6,12(a1)
 9fe:	0692                	slli	a3,a3,0x4
 a00:	8fd5                	or	a5,a5,a3
 a02:	0045d683          	lhu	a3,4(a1)
 a06:	07c2                	slli	a5,a5,0x10
 a08:	83c1                	srli	a5,a5,0x10
 a0a:	0692                	slli	a3,a3,0x4
 a0c:	fbf7f793          	andi	a5,a5,-65
 a10:	8fd5                	or	a5,a5,a3
 a12:	76fd                	lui	a3,0xfffff
 a14:	3ff68693          	addi	a3,a3,1023 # fffff3ff <_eusrstack+0xdfffa3ff>
 a18:	8ef1                	and	a3,a3,a2
 a1a:	00e5d603          	lhu	a2,14(a1)
 a1e:	07c2                	slli	a5,a5,0x10
 a20:	83c1                	srli	a5,a5,0x10
 a22:	01066633          	or	a2,a2,a6
 a26:	060a                	slli	a2,a2,0x2
 a28:	8ed1                	or	a3,a3,a2
 a2a:	01069613          	slli	a2,a3,0x10
 a2e:	8241                	srli	a2,a2,0x10
 a30:	00c51223          	sh	a2,4(a0)
 a34:	00e51c23          	sh	a4,24(a0)
 a38:	0065d703          	lhu	a4,6(a1)
 a3c:	02e51c23          	sh	a4,56(a0)
 a40:	02f51023          	sh	a5,32(a0)
 a44:	8082                	ret

00000a46 <TIM_OC3Init>:
 a46:	02055783          	lhu	a5,32(a0)
 a4a:	0085d803          	lhu	a6,8(a1)
 a4e:	07c2                	slli	a5,a5,0x10
 a50:	83c1                	srli	a5,a5,0x10
 a52:	eff7f793          	andi	a5,a5,-257
 a56:	07c2                	slli	a5,a5,0x10
 a58:	83c1                	srli	a5,a5,0x10
 a5a:	02f51023          	sh	a5,32(a0)
 a5e:	02055783          	lhu	a5,32(a0)
 a62:	00455683          	lhu	a3,4(a0)
 a66:	01c55703          	lhu	a4,28(a0)
 a6a:	07c2                	slli	a5,a5,0x10
 a6c:	01069613          	slli	a2,a3,0x10
 a70:	0742                	slli	a4,a4,0x10
 a72:	0005d683          	lhu	a3,0(a1)
 a76:	8341                	srli	a4,a4,0x10
 a78:	f8c77713          	andi	a4,a4,-116
 a7c:	8f55                	or	a4,a4,a3
 a7e:	0025d683          	lhu	a3,2(a1)
 a82:	83c1                	srli	a5,a5,0x10
 a84:	dff7f793          	andi	a5,a5,-513
 a88:	0106e6b3          	or	a3,a3,a6
 a8c:	06a2                	slli	a3,a3,0x8
 a8e:	8fd5                	or	a5,a5,a3
 a90:	400136b7          	lui	a3,0x40013
 a94:	07c2                	slli	a5,a5,0x10
 a96:	c0068693          	addi	a3,a3,-1024 # 40012c00 <_eusrstack+0x2000dc00>
 a9a:	8241                	srli	a2,a2,0x10
 a9c:	83c1                	srli	a5,a5,0x10
 a9e:	04d51263          	bne	a0,a3,ae2 <TIM_OC3Init+0x9c>
 aa2:	76fd                	lui	a3,0xfffff
 aa4:	7ff68693          	addi	a3,a3,2047 # fffff7ff <_eusrstack+0xdfffa7ff>
 aa8:	8ff5                	and	a5,a5,a3
 aaa:	00a5d683          	lhu	a3,10(a1)
 aae:	00c5d803          	lhu	a6,12(a1)
 ab2:	06a2                	slli	a3,a3,0x8
 ab4:	8fd5                	or	a5,a5,a3
 ab6:	0045d683          	lhu	a3,4(a1)
 aba:	07c2                	slli	a5,a5,0x10
 abc:	83c1                	srli	a5,a5,0x10
 abe:	06a2                	slli	a3,a3,0x8
 ac0:	bff7f793          	andi	a5,a5,-1025
 ac4:	8fd5                	or	a5,a5,a3
 ac6:	76f5                	lui	a3,0xffffd
 ac8:	16fd                	addi	a3,a3,-1
 aca:	8ef1                	and	a3,a3,a2
 acc:	00e5d603          	lhu	a2,14(a1)
 ad0:	07c2                	slli	a5,a5,0x10
 ad2:	83c1                	srli	a5,a5,0x10
 ad4:	01066633          	or	a2,a2,a6
 ad8:	0612                	slli	a2,a2,0x4
 ada:	8ed1                	or	a3,a3,a2
 adc:	01069613          	slli	a2,a3,0x10
 ae0:	8241                	srli	a2,a2,0x10
 ae2:	00c51223          	sh	a2,4(a0)
 ae6:	00e51e23          	sh	a4,28(a0)
 aea:	0065d703          	lhu	a4,6(a1)
 aee:	02e51e23          	sh	a4,60(a0)
 af2:	02f51023          	sh	a5,32(a0)
 af6:	8082                	ret

00000af8 <TIM_OC4Init>:
 af8:	02055703          	lhu	a4,32(a0)
 afc:	77fd                	lui	a5,0xfffff
 afe:	17fd                	addi	a5,a5,-1
 b00:	8ff9                	and	a5,a5,a4
 b02:	02f51023          	sh	a5,32(a0)
 b06:	02055803          	lhu	a6,32(a0)
 b0a:	00455683          	lhu	a3,4(a0)
 b0e:	01c55783          	lhu	a5,28(a0)
 b12:	7765                	lui	a4,0xffff9
 b14:	0005d603          	lhu	a2,0(a1)
 b18:	cff70713          	addi	a4,a4,-769 # ffff8cff <_eusrstack+0xdfff3cff>
 b1c:	8f7d                	and	a4,a4,a5
 b1e:	77f9                	lui	a5,0xffffe
 b20:	0622                	slli	a2,a2,0x8
 b22:	17fd                	addi	a5,a5,-1
 b24:	8f51                	or	a4,a4,a2
 b26:	0107f7b3          	and	a5,a5,a6
 b2a:	0025d603          	lhu	a2,2(a1)
 b2e:	0085d803          	lhu	a6,8(a1)
 b32:	06c2                	slli	a3,a3,0x10
 b34:	0742                	slli	a4,a4,0x10
 b36:	01066633          	or	a2,a2,a6
 b3a:	0632                	slli	a2,a2,0xc
 b3c:	8fd1                	or	a5,a5,a2
 b3e:	40013637          	lui	a2,0x40013
 b42:	07c2                	slli	a5,a5,0x10
 b44:	c0060613          	addi	a2,a2,-1024 # 40012c00 <_eusrstack+0x2000dc00>
 b48:	82c1                	srli	a3,a3,0x10
 b4a:	8341                	srli	a4,a4,0x10
 b4c:	83c1                	srli	a5,a5,0x10
 b4e:	00c51b63          	bne	a0,a2,b64 <TIM_OC4Init+0x6c>
 b52:	7671                	lui	a2,0xffffc
 b54:	167d                	addi	a2,a2,-1
 b56:	8ef1                	and	a3,a3,a2
 b58:	00c5d603          	lhu	a2,12(a1)
 b5c:	061a                	slli	a2,a2,0x6
 b5e:	8ed1                	or	a3,a3,a2
 b60:	06c2                	slli	a3,a3,0x10
 b62:	82c1                	srli	a3,a3,0x10
 b64:	00d51223          	sh	a3,4(a0)
 b68:	00e51e23          	sh	a4,28(a0)
 b6c:	0065d703          	lhu	a4,6(a1)
 b70:	04e51023          	sh	a4,64(a0)
 b74:	02f51023          	sh	a5,32(a0)
 b78:	8082                	ret

00000b7a <TIM_Cmd>:
 b7a:	00055783          	lhu	a5,0(a0)
 b7e:	c591                	beqz	a1,b8a <TIM_Cmd+0x10>
 b80:	0017e793          	ori	a5,a5,1
 b84:	00f51023          	sh	a5,0(a0)
 b88:	8082                	ret
 b8a:	07c2                	slli	a5,a5,0x10
 b8c:	83c1                	srli	a5,a5,0x10
 b8e:	9bf9                	andi	a5,a5,-2
 b90:	07c2                	slli	a5,a5,0x10
 b92:	83c1                	srli	a5,a5,0x10
 b94:	bfc5                	j	b84 <TIM_Cmd+0xa>

00000b96 <TIM_CtrlPWMOutputs>:
 b96:	04455783          	lhu	a5,68(a0)
 b9a:	c591                	beqz	a1,ba6 <TIM_CtrlPWMOutputs+0x10>
 b9c:	6721                	lui	a4,0x8
 b9e:	8fd9                	or	a5,a5,a4
 ba0:	04f51223          	sh	a5,68(a0)
 ba4:	8082                	ret
 ba6:	07c6                	slli	a5,a5,0x11
 ba8:	83c5                	srli	a5,a5,0x11
 baa:	bfdd                	j	ba0 <TIM_CtrlPWMOutputs+0xa>

00000bac <TIM_EncoderInterfaceConfig>:
 bac:	00855803          	lhu	a6,8(a0)
 bb0:	01855703          	lhu	a4,24(a0)
 bb4:	02055783          	lhu	a5,32(a0)
 bb8:	0842                	slli	a6,a6,0x10
 bba:	01085813          	srli	a6,a6,0x10
 bbe:	07c2                	slli	a5,a5,0x10
 bc0:	0742                	slli	a4,a4,0x10
 bc2:	83c1                	srli	a5,a5,0x10
 bc4:	0692                	slli	a3,a3,0x4
 bc6:	8341                	srli	a4,a4,0x10
 bc8:	ff887813          	andi	a6,a6,-8
 bcc:	fdd7f793          	andi	a5,a5,-35
 bd0:	8e55                	or	a2,a2,a3
 bd2:	00b865b3          	or	a1,a6,a1
 bd6:	cfc77713          	andi	a4,a4,-772
 bda:	8fd1                	or	a5,a5,a2
 bdc:	00b51423          	sh	a1,8(a0)
 be0:	10176713          	ori	a4,a4,257
 be4:	07c2                	slli	a5,a5,0x10
 be6:	83c1                	srli	a5,a5,0x10
 be8:	00e51c23          	sh	a4,24(a0)
 bec:	02f51023          	sh	a5,32(a0)
 bf0:	8082                	ret

00000bf2 <TIM_ARRPreloadConfig>:
 bf2:	00055783          	lhu	a5,0(a0)
 bf6:	c591                	beqz	a1,c02 <TIM_ARRPreloadConfig+0x10>
 bf8:	0807e793          	ori	a5,a5,128
 bfc:	00f51023          	sh	a5,0(a0)
 c00:	8082                	ret
 c02:	07c2                	slli	a5,a5,0x10
 c04:	83c1                	srli	a5,a5,0x10
 c06:	f7f7f793          	andi	a5,a5,-129
 c0a:	07c2                	slli	a5,a5,0x10
 c0c:	83c1                	srli	a5,a5,0x10
 c0e:	b7fd                	j	bfc <TIM_ARRPreloadConfig+0xa>

00000c10 <TIM_OC4PreloadConfig>:
 c10:	01c55703          	lhu	a4,28(a0)
 c14:	77fd                	lui	a5,0xfffff
 c16:	7ff78793          	addi	a5,a5,2047 # fffff7ff <_eusrstack+0xdfffa7ff>
 c1a:	8ff9                	and	a5,a5,a4
 c1c:	05a2                	slli	a1,a1,0x8
 c1e:	8fcd                	or	a5,a5,a1
 c20:	07c2                	slli	a5,a5,0x10
 c22:	83c1                	srli	a5,a5,0x10
 c24:	00f51e23          	sh	a5,28(a0)
 c28:	8082                	ret

00000c2a <device_cpu::init()>:
 c2a:	d46ff2ef          	jal	t0,170 <__riscv_save_0>
 c2e:	6541                	lui	a0,0x10
 c30:	3c4d                	jal	6e2 <RCC_HSEConfig>
 c32:	3135                	jal	85e <RCC_WaitForHSEStartUp>
 c34:	001c05b7          	lui	a1,0x1c0
 c38:	6541                	lui	a0,0x10
 c3a:	34d5                	jal	71e <RCC_PLLConfig>
 c3c:	4505                	li	a0,1
 c3e:	3cdd                	jal	734 <RCC_PLLCmd>
 c40:	4509                	li	a0,2
 c42:	3e19                	jal	758 <RCC_SYSCLKConfig>
 c44:	08000513          	li	a0,128
 c48:	3e39                	jal	766 <RCC_HCLKConfig>
 c4a:	4501                	li	a0,0
 c4c:	362d                	jal	776 <RCC_PCLK1Config>
 c4e:	4501                	li	a0,0
 c50:	3e1d                	jal	786 <RCC_PCLK2Config>
 c52:	6511                	lui	a0,0x4
 c54:	36a1                	jal	79c <RCC_ADCCLKConfig>
 c56:	4501                	li	a0,0
 c58:	36f9                	jal	826 <RCC_MCOConfig>
 c5a:	d3aff06f          	j	194 <__riscv_restore_0>

00000c5e <device_cpu::Peripheral_APB1_Config(unsigned long, FunctionalState)>:
 c5e:	d12ff2ef          	jal	t0,170 <__riscv_save_0>
 c62:	852e                	mv	a0,a1
 c64:	85b2                	mv	a1,a2
 c66:	369d                	jal	7cc <RCC_APB1PeriphClockCmd>
 c68:	d2cff06f          	j	194 <__riscv_restore_0>

00000c6c <device_cpu::Peripheral_APB2_Config(unsigned long, FunctionalState)>:
 c6c:	d04ff2ef          	jal	t0,170 <__riscv_save_0>
 c70:	852e                	mv	a0,a1
 c72:	85b2                	mv	a1,a2
 c74:	3e2d                	jal	7ae <RCC_APB2PeriphClockCmd>
 c76:	d1eff06f          	j	194 <__riscv_restore_0>

00000c7a <device_cpu::Peripheral_APB2_Reset(unsigned long, FunctionalState)>:
 c7a:	cf6ff2ef          	jal	t0,170 <__riscv_save_0>
 c7e:	852e                	mv	a0,a1
 c80:	85b2                	mv	a1,a2
 c82:	36a5                	jal	7ea <RCC_APB2PeriphResetCmd>
 c84:	d10ff06f          	j	194 <__riscv_restore_0>

00000c88 <device_cpu::Peripheral_APB1_Reset(unsigned long, FunctionalState)>:
 c88:	ce8ff2ef          	jal	t0,170 <__riscv_save_0>
 c8c:	852e                	mv	a0,a1
 c8e:	85b2                	mv	a1,a2
 c90:	3ea5                	jal	808 <RCC_APB1PeriphResetCmd>
 c92:	d02ff06f          	j	194 <__riscv_restore_0>

00000c96 <device_cpu::Timer_SetEncoderMode(TIM_TypeDef*)>:
 c96:	cdaff2ef          	jal	t0,170 <__riscv_save_0>
 c9a:	1141                	addi	sp,sp,-16
 c9c:	842e                	mv	s0,a1
 c9e:	57fd                	li	a5,-1
 ca0:	00f11423          	sh	a5,8(sp)
 ca4:	004c                	addi	a1,sp,4
 ca6:	478d                	li	a5,3
 ca8:	8522                	mv	a0,s0
 caa:	00f11223          	sh	a5,4(sp)
 cae:	00011323          	sh	zero,6(sp)
 cb2:	00011523          	sh	zero,10(sp)
 cb6:	00011623          	sh	zero,12(sp)
 cba:	3ec1                	jal	88a <TIM_TimeBaseInit>
 cbc:	4681                	li	a3,0
 cbe:	4601                	li	a2,0
 cc0:	4585                	li	a1,1
 cc2:	8522                	mv	a0,s0
 cc4:	35e5                	jal	bac <TIM_EncoderInterfaceConfig>
 cc6:	0141                	addi	sp,sp,16
 cc8:	cccff06f          	j	194 <__riscv_restore_0>

00000ccc <device_cpu::Timer_SetPWMMode(TIM_TypeDef*, unsigned int, unsigned int, unsigned int)>:
 ccc:	ca4ff2ef          	jal	t0,170 <__riscv_save_0>
 cd0:	7179                	addi	sp,sp,-48
 cd2:	842e                	mv	s0,a1
 cd4:	16800793          	li	a5,360
 cd8:	084c                	addi	a1,sp,20
 cda:	8522                	mv	a0,s0
 cdc:	c636                	sw	a3,12(sp)
 cde:	c43a                	sw	a4,8(sp)
 ce0:	00f11c23          	sh	a5,24(sp)
 ce4:	00011b23          	sh	zero,22(sp)
 ce8:	00011d23          	sh	zero,26(sp)
 cec:	00011e23          	sh	zero,28(sp)
 cf0:	00c11a23          	sh	a2,20(sp)
 cf4:	3e59                	jal	88a <TIM_TimeBaseInit>
 cf6:	4722                	lw	a4,8(sp)
 cf8:	67c1                	lui	a5,0x10
 cfa:	46b2                	lw	a3,12(sp)
 cfc:	06078793          	addi	a5,a5,96 # 10060 <_data_lma+0xf28c>
 d00:	d03e                	sw	a5,32(sp)
 d02:	02e11323          	sh	a4,38(sp)
 d06:	02011423          	sh	zero,40(sp)
 d0a:	4785                	li	a5,1
 d0c:	02f68c63          	beq	a3,a5,d44 <device_cpu::Timer_SetPWMMode(TIM_TypeDef*, unsigned int, unsigned int, unsigned int)+0x78>
 d10:	c695                	beqz	a3,d3c <device_cpu::Timer_SetPWMMode(TIM_TypeDef*, unsigned int, unsigned int, unsigned int)+0x70>
 d12:	4789                	li	a5,2
 d14:	02f68c63          	beq	a3,a5,d4c <device_cpu::Timer_SetPWMMode(TIM_TypeDef*, unsigned int, unsigned int, unsigned int)+0x80>
 d18:	478d                	li	a5,3
 d1a:	02f68d63          	beq	a3,a5,d54 <device_cpu::Timer_SetPWMMode(TIM_TypeDef*, unsigned int, unsigned int, unsigned int)+0x88>
 d1e:	8522                	mv	a0,s0
 d20:	4585                	li	a1,1
 d22:	3d95                	jal	b96 <TIM_CtrlPWMOutputs>
 d24:	8522                	mv	a0,s0
 d26:	4581                	li	a1,0
 d28:	35e5                	jal	c10 <TIM_OC4PreloadConfig>
 d2a:	8522                	mv	a0,s0
 d2c:	4585                	li	a1,1
 d2e:	35d1                	jal	bf2 <TIM_ARRPreloadConfig>
 d30:	4585                	li	a1,1
 d32:	8522                	mv	a0,s0
 d34:	3599                	jal	b7a <TIM_Cmd>
 d36:	6145                	addi	sp,sp,48
 d38:	c5cff06f          	j	194 <__riscv_restore_0>
 d3c:	100c                	addi	a1,sp,32
 d3e:	8522                	mv	a0,s0
 d40:	36e9                	jal	90a <TIM_OC1Init>
 d42:	bff1                	j	d1e <device_cpu::Timer_SetPWMMode(TIM_TypeDef*, unsigned int, unsigned int, unsigned int)+0x52>
 d44:	100c                	addi	a1,sp,32
 d46:	8522                	mv	a0,s0
 d48:	31a9                	jal	992 <TIM_OC2Init>
 d4a:	bfd1                	j	d1e <device_cpu::Timer_SetPWMMode(TIM_TypeDef*, unsigned int, unsigned int, unsigned int)+0x52>
 d4c:	100c                	addi	a1,sp,32
 d4e:	8522                	mv	a0,s0
 d50:	39dd                	jal	a46 <TIM_OC3Init>
 d52:	b7f1                	j	d1e <device_cpu::Timer_SetPWMMode(TIM_TypeDef*, unsigned int, unsigned int, unsigned int)+0x52>
 d54:	100c                	addi	a1,sp,32
 d56:	8522                	mv	a0,s0
 d58:	3345                	jal	af8 <TIM_OC4Init>
 d5a:	b7d1                	j	d1e <device_cpu::Timer_SetPWMMode(TIM_TypeDef*, unsigned int, unsigned int, unsigned int)+0x52>

00000d5c <device_cpu::Timer_PWM_Set_Value(TIM_TypeDef*, unsigned int, unsigned int)>:
 d5c:	4785                	li	a5,1
 d5e:	00f60f63          	beq	a2,a5,d7c <device_cpu::Timer_PWM_Set_Value(TIM_TypeDef*, unsigned int, unsigned int)+0x20>
 d62:	ca01                	beqz	a2,d72 <device_cpu::Timer_PWM_Set_Value(TIM_TypeDef*, unsigned int, unsigned int)+0x16>
 d64:	4789                	li	a5,2
 d66:	02f60063          	beq	a2,a5,d86 <device_cpu::Timer_PWM_Set_Value(TIM_TypeDef*, unsigned int, unsigned int)+0x2a>
 d6a:	478d                	li	a5,3
 d6c:	02f60263          	beq	a2,a5,d90 <device_cpu::Timer_PWM_Set_Value(TIM_TypeDef*, unsigned int, unsigned int)+0x34>
 d70:	8082                	ret
 d72:	06c2                	slli	a3,a3,0x10
 d74:	82c1                	srli	a3,a3,0x10
 d76:	02d59a23          	sh	a3,52(a1) # 1c0034 <_data_lma+0x1bf260>
 d7a:	8082                	ret
 d7c:	06c2                	slli	a3,a3,0x10
 d7e:	82c1                	srli	a3,a3,0x10
 d80:	02d59c23          	sh	a3,56(a1)
 d84:	8082                	ret
 d86:	06c2                	slli	a3,a3,0x10
 d88:	82c1                	srli	a3,a3,0x10
 d8a:	02d59e23          	sh	a3,60(a1)
 d8e:	8082                	ret
 d90:	06c2                	slli	a3,a3,0x10
 d92:	82c1                	srli	a3,a3,0x10
 d94:	04d59023          	sh	a3,64(a1)
 d98:	8082                	ret

00000d9a <device_cpu::Timer_Enable(TIM_TypeDef*, FunctionalState)>:
 d9a:	bd6ff2ef          	jal	t0,170 <__riscv_save_0>
 d9e:	852e                	mv	a0,a1
 da0:	85b2                	mv	a1,a2
 da2:	3be1                	jal	b7a <TIM_Cmd>
 da4:	bf0ff06f          	j	194 <__riscv_restore_0>

00000da8 <device_cpu::Timer_GetCounter(TIM_TypeDef*)>:
 da8:	0245d503          	lhu	a0,36(a1)
 dac:	8082                	ret

00000dae <Delay_Init>:
 dae:	8101a783          	lw	a5,-2032(gp) # 20000010 <SystemCoreClock>
 db2:	007a1737          	lui	a4,0x7a1
 db6:	20070713          	addi	a4,a4,512 # 7a1200 <_data_lma+0x7a042c>
 dba:	02e7d7b3          	divu	a5,a5,a4
 dbe:	0ff7f793          	andi	a5,a5,255
 dc2:	82f18b23          	sb	a5,-1994(gp) # 20000036 <p_us>
 dc6:	3e800713          	li	a4,1000
 dca:	02e787b3          	mul	a5,a5,a4
 dce:	82f19a23          	sh	a5,-1996(gp) # 20000034 <p_ms>
 dd2:	8082                	ret
